2024-06-22 16:41:53.429 +03:00  INF  User profile is available. Using 'C:\Users\com\AppData\Local\ASP.NET\DataProtection-Keys' as key repository and Windows DPAPI to encrypt keys at rest.
2024-06-22 16:41:53.630 +03:00  INF  Now listening on: http://localhost:7101
2024-06-22 16:41:53.631 +03:00  INF  Now listening on: http://localhost:5146
2024-06-22 16:41:53.633 +03:00  INF  Application started. Press Ctrl+C to shut down.
2024-06-22 16:41:53.633 +03:00  INF  Hosting environment: Development
2024-06-22 16:41:53.633 +03:00  INF  Content root path: G:\WEB DEVELOPMENT\HealthCareProject\HealthCareAPIs\HealthCare\
2024-06-22 16:41:54.082 +03:00  INF  Request starting HTTP/1.1 GET http://localhost:7101/swagger/index.html - -
2024-06-22 16:41:54.309 +03:00  INF  Request starting HTTP/1.1 GET http://localhost:7101/_framework/aspnetcore-browser-refresh.js - -
2024-06-22 16:41:54.312 +03:00  INF  Request finished HTTP/1.1 GET http://localhost:7101/_framework/aspnetcore-browser-refresh.js - - - 200 12352 application/javascript;+charset=utf-8 2.4607ms
2024-06-22 16:41:54.312 +03:00  INF  Request finished HTTP/1.1 GET http://localhost:7101/swagger/index.html - - - 200 - text/html;charset=utf-8 231.4380ms
2024-06-22 16:41:54.318 +03:00  INF  Request starting HTTP/1.1 GET http://localhost:7101/_vs/browserLink - -
2024-06-22 16:41:54.342 +03:00  INF  Request finished HTTP/1.1 GET http://localhost:7101/_vs/browserLink - - - 200 - text/javascript;+charset=UTF-8 24.2743ms
2024-06-22 16:41:54.404 +03:00  INF  Request starting HTTP/1.1 GET http://localhost:7101/swagger/v1/swagger.json - -
2024-06-22 16:41:54.502 +03:00  INF  Request finished HTTP/1.1 GET http://localhost:7101/swagger/v1/swagger.json - - - 200 - application/json;charset=utf-8 97.9499ms
2024-06-22 16:41:59.600 +03:00  INF  Request starting HTTP/1.1 GET http://localhost:7101/api/Doctors/TopThreeDoctors - -
2024-06-22 16:41:59.609 +03:00  INF  CORS policy execution successful.
2024-06-22 16:42:00.387 +03:00  INF  Executing endpoint 'HealthCare.Controllers.DoctorsController.TopThreeDoctors (HealthCare)'
2024-06-22 16:42:00.400 +03:00  INF  Route matched with {action = "TopThreeDoctors", controller = "Doctors"}. Executing controller action with signature System.Threading.Tasks.Task`1[Microsoft.AspNetCore.Mvc.IActionResult] TopThreeDoctors() on controller HealthCare.Controllers.DoctorsController (HealthCare).
2024-06-22 16:42:01.796 +03:00  INF  Entity Framework Core 6.0.23 initialized 'ApplicationDbContext' using provider 'Microsoft.EntityFrameworkCore.SqlServer:6.0.23' with options: None
2024-06-22 16:42:02.602 +03:00  WRN  Compiling a query which loads related collections for more than one collection navigation, either via 'Include' or through projection, but no 'QuerySplittingBehavior' has been configured. By default, Entity Framework will use 'QuerySplittingBehavior.SingleQuery', which can potentially result in slow query performance. See https://go.microsoft.com/fwlink/?linkid=2134277 for more information. To identify the query that's triggering this warning call 'ConfigureWarnings(w => w.Throw(RelationalEventId.MultipleCollectionIncludeWarning))'.
2024-06-22 16:42:04.897 +03:00  INF  Executed DbCommand (44ms) [Parameters=[], CommandType='"Text"', CommandTimeout='30']
SELECT [d].[Id], [d].[Description], [d].[Email], [d].[FullName], [d].[NationalId], [d].[PassWord], [d].[Rate], [d].[UploadedFileId], [d].[UserName], [d0].[Id], [d0].[DoctorId], [d0].[SpecializationId], [h].[Id], [h].[DoctorId], [h].[HospitalId]
FROM [Doctors] AS [d]
LEFT JOIN [DoctorSpecializations] AS [d0] ON [d].[Id] = [d0].[DoctorId]
LEFT JOIN [HospitalDoctors] AS [h] ON [d].[Id] = [h].[DoctorId]
ORDER BY [d].[Id], [d0].[Id]
2024-06-22 16:42:05.050 +03:00  INF  Executed DbCommand (21ms) [Parameters=[@__d_UserName_0='?' (Size = 100)], CommandType='"Text"', CommandTimeout='30']
SELECT TOP(1) [u0].[Id], [u0].[ContentType], [u0].[FileName], [u0].[FilePath], [u0].[StoredFileName]
FROM [Users] AS [u]
INNER JOIN [UploadedFiles] AS [u0] ON [u].[UploadedFileId] = [u0].[Id]
WHERE [u].[UserName] = @__d_UserName_0
2024-06-22 16:42:05.084 +03:00  INF  Executed DbCommand (2ms) [Parameters=[], CommandType='"Text"', CommandTimeout='30']
SELECT [s].[Id], [s].[Name], [s].[UploadedFileId], [u].[Id], [u].[ContentType], [u].[FileName], [u].[FilePath], [u].[StoredFileName]
FROM [Specializations] AS [s]
INNER JOIN [UploadedFiles] AS [u] ON [s].[UploadedFileId] = [u].[Id]
WHERE [s].[Id] = 44
2024-06-22 16:42:05.127 +03:00  INF  Executed DbCommand (5ms) [Parameters=[], CommandType='"Text"', CommandTimeout='30']
SELECT [h].[Id], [h].[Address], [h].[Description], [h].[Name], [h].[UploadedFileId], [u].[Id], [u].[ContentType], [u].[FileName], [u].[FilePath], [u].[StoredFileName], [h0].[Id], [h0].[GovernorateId], [h0].[HospitalId], [g].[Id], [g].[Name]
FROM [Hospitals] AS [h]
INNER JOIN [UploadedFiles] AS [u] ON [h].[UploadedFileId] = [u].[Id]
LEFT JOIN [HospitalGovernorates] AS [h0] ON [h].[Id] = [h0].[HospitalId]
LEFT JOIN [Governorates] AS [g] ON [h0].[GovernorateId] = [g].[Id]
WHERE [h].[Id] IN (12, 30)
2024-06-22 16:42:05.155 +03:00  INF  Executed DbCommand (0ms) [Parameters=[@__d_UserName_0='?' (Size = 100)], CommandType='"Text"', CommandTimeout='30']
SELECT TOP(1) [u0].[Id], [u0].[ContentType], [u0].[FileName], [u0].[FilePath], [u0].[StoredFileName]
FROM [Users] AS [u]
INNER JOIN [UploadedFiles] AS [u0] ON [u].[UploadedFileId] = [u0].[Id]
WHERE [u].[UserName] = @__d_UserName_0
2024-06-22 16:42:05.157 +03:00  INF  Executed DbCommand (2ms) [Parameters=[], CommandType='"Text"', CommandTimeout='30']
SELECT [s].[Id], [s].[Name], [s].[UploadedFileId], [u].[Id], [u].[ContentType], [u].[FileName], [u].[FilePath], [u].[StoredFileName]
FROM [Specializations] AS [s]
INNER JOIN [UploadedFiles] AS [u] ON [s].[UploadedFileId] = [u].[Id]
WHERE [s].[Id] = 51
2024-06-22 16:42:05.160 +03:00  INF  Executed DbCommand (3ms) [Parameters=[], CommandType='"Text"', CommandTimeout='30']
SELECT [h].[Id], [h].[Address], [h].[Description], [h].[Name], [h].[UploadedFileId], [u].[Id], [u].[ContentType], [u].[FileName], [u].[FilePath], [u].[StoredFileName], [h0].[Id], [h0].[GovernorateId], [h0].[HospitalId], [g].[Id], [g].[Name]
FROM [Hospitals] AS [h]
INNER JOIN [UploadedFiles] AS [u] ON [h].[UploadedFileId] = [u].[Id]
LEFT JOIN [HospitalGovernorates] AS [h0] ON [h].[Id] = [h0].[HospitalId]
LEFT JOIN [Governorates] AS [g] ON [h0].[GovernorateId] = [g].[Id]
WHERE [h].[Id] IN (12, 28)
2024-06-22 16:42:05.162 +03:00  INF  Executed DbCommand (0ms) [Parameters=[@__d_UserName_0='?' (Size = 100)], CommandType='"Text"', CommandTimeout='30']
SELECT TOP(1) [u0].[Id], [u0].[ContentType], [u0].[FileName], [u0].[FilePath], [u0].[StoredFileName]
FROM [Users] AS [u]
INNER JOIN [UploadedFiles] AS [u0] ON [u].[UploadedFileId] = [u0].[Id]
WHERE [u].[UserName] = @__d_UserName_0
2024-06-22 16:42:05.162 +03:00  INF  Executed DbCommand (0ms) [Parameters=[], CommandType='"Text"', CommandTimeout='30']
SELECT [s].[Id], [s].[Name], [s].[UploadedFileId], [u].[Id], [u].[ContentType], [u].[FileName], [u].[FilePath], [u].[StoredFileName]
FROM [Specializations] AS [s]
INNER JOIN [UploadedFiles] AS [u] ON [s].[UploadedFileId] = [u].[Id]
WHERE [s].[Id] = 51
2024-06-22 16:42:05.165 +03:00  INF  Executed DbCommand (3ms) [Parameters=[], CommandType='"Text"', CommandTimeout='30']
SELECT [h].[Id], [h].[Address], [h].[Description], [h].[Name], [h].[UploadedFileId], [u].[Id], [u].[ContentType], [u].[FileName], [u].[FilePath], [u].[StoredFileName], [h0].[Id], [h0].[GovernorateId], [h0].[HospitalId], [g].[Id], [g].[Name]
FROM [Hospitals] AS [h]
INNER JOIN [UploadedFiles] AS [u] ON [h].[UploadedFileId] = [u].[Id]
LEFT JOIN [HospitalGovernorates] AS [h0] ON [h].[Id] = [h0].[HospitalId]
LEFT JOIN [Governorates] AS [g] ON [h0].[GovernorateId] = [g].[Id]
WHERE [h].[Id] IN (12, 29)
2024-06-22 16:42:05.171 +03:00  INF  Executing OkObjectResult, writing value of type 'HealthCare.Core.DTOS.GeneralResponse`1[[System.Collections.Generic.List`1[[HealthCare.Core.DTOS.DoctorModule.ResponseDtos.DoctorDto, HealthCare.Core, Version=1.0.0.0, Culture=neutral, PublicKeyToken=null]], System.Private.CoreLib, Version=6.0.0.0, Culture=neutral, PublicKeyToken=7cec85d7bea7798e]]'.
2024-06-22 16:42:05.180 +03:00  INF  Executed action HealthCare.Controllers.DoctorsController.TopThreeDoctors (HealthCare) in 4775.9297ms
2024-06-22 16:42:05.180 +03:00  INF  Executed endpoint 'HealthCare.Controllers.DoctorsController.TopThreeDoctors (HealthCare)'
2024-06-22 16:42:05.185 +03:00  INF  Request finished HTTP/1.1 GET http://localhost:7101/api/Doctors/TopThreeDoctors - - - 200 - application/json;+charset=utf-8 5584.0743ms
2024-06-22 16:47:44.158 +03:00  INF  Request starting HTTP/1.1 GET http://localhost:7101/api/Doctors/TopThreeDoctors - -
2024-06-22 16:47:44.166 +03:00  INF  CORS policy execution successful.
2024-06-22 16:47:44.168 +03:00  INF  Executing endpoint 'HealthCare.Controllers.DoctorsController.TopThreeDoctors (HealthCare)'
2024-06-22 16:47:44.168 +03:00  INF  Route matched with {action = "TopThreeDoctors", controller = "Doctors"}. Executing controller action with signature System.Threading.Tasks.Task`1[Microsoft.AspNetCore.Mvc.IActionResult] TopThreeDoctors() on controller HealthCare.Controllers.DoctorsController (HealthCare).
2024-06-22 16:47:44.221 +03:00  INF  Entity Framework Core 6.0.23 initialized 'ApplicationDbContext' using provider 'Microsoft.EntityFrameworkCore.SqlServer:6.0.23' with options: None
2024-06-22 16:47:44.223 +03:00  INF  Executed DbCommand (1ms) [Parameters=[], CommandType='"Text"', CommandTimeout='30']
SELECT [d].[Id], [d].[Description], [d].[Email], [d].[FullName], [d].[NationalId], [d].[PassWord], [d].[Rate], [d].[UploadedFileId], [d].[UserName], [d0].[Id], [d0].[DoctorId], [d0].[SpecializationId], [h].[Id], [h].[DoctorId], [h].[HospitalId]
FROM [Doctors] AS [d]
LEFT JOIN [DoctorSpecializations] AS [d0] ON [d].[Id] = [d0].[DoctorId]
LEFT JOIN [HospitalDoctors] AS [h] ON [d].[Id] = [h].[DoctorId]
ORDER BY [d].[Id], [d0].[Id]
2024-06-22 16:47:44.225 +03:00  INF  Executed DbCommand (0ms) [Parameters=[@__d_UserName_0='?' (Size = 100)], CommandType='"Text"', CommandTimeout='30']
SELECT TOP(1) [u0].[Id], [u0].[ContentType], [u0].[FileName], [u0].[FilePath], [u0].[StoredFileName]
FROM [Users] AS [u]
INNER JOIN [UploadedFiles] AS [u0] ON [u].[UploadedFileId] = [u0].[Id]
WHERE [u].[UserName] = @__d_UserName_0
2024-06-22 16:47:44.225 +03:00  INF  Executed DbCommand (0ms) [Parameters=[], CommandType='"Text"', CommandTimeout='30']
SELECT [s].[Id], [s].[Name], [s].[UploadedFileId], [u].[Id], [u].[ContentType], [u].[FileName], [u].[FilePath], [u].[StoredFileName]
FROM [Specializations] AS [s]
INNER JOIN [UploadedFiles] AS [u] ON [s].[UploadedFileId] = [u].[Id]
WHERE [s].[Id] = 44
2024-06-22 16:47:44.226 +03:00  INF  Executed DbCommand (0ms) [Parameters=[], CommandType='"Text"', CommandTimeout='30']
SELECT [h].[Id], [h].[Address], [h].[Description], [h].[Name], [h].[UploadedFileId], [u].[Id], [u].[ContentType], [u].[FileName], [u].[FilePath], [u].[StoredFileName], [h0].[Id], [h0].[GovernorateId], [h0].[HospitalId], [g].[Id], [g].[Name]
FROM [Hospitals] AS [h]
INNER JOIN [UploadedFiles] AS [u] ON [h].[UploadedFileId] = [u].[Id]
LEFT JOIN [HospitalGovernorates] AS [h0] ON [h].[Id] = [h0].[HospitalId]
LEFT JOIN [Governorates] AS [g] ON [h0].[GovernorateId] = [g].[Id]
WHERE [h].[Id] IN (12, 30)
2024-06-22 16:47:44.227 +03:00  INF  Executed DbCommand (0ms) [Parameters=[@__d_UserName_0='?' (Size = 100)], CommandType='"Text"', CommandTimeout='30']
SELECT TOP(1) [u0].[Id], [u0].[ContentType], [u0].[FileName], [u0].[FilePath], [u0].[StoredFileName]
FROM [Users] AS [u]
INNER JOIN [UploadedFiles] AS [u0] ON [u].[UploadedFileId] = [u0].[Id]
WHERE [u].[UserName] = @__d_UserName_0
2024-06-22 16:47:44.228 +03:00  INF  Executed DbCommand (0ms) [Parameters=[], CommandType='"Text"', CommandTimeout='30']
SELECT [s].[Id], [s].[Name], [s].[UploadedFileId], [u].[Id], [u].[ContentType], [u].[FileName], [u].[FilePath], [u].[StoredFileName]
FROM [Specializations] AS [s]
INNER JOIN [UploadedFiles] AS [u] ON [s].[UploadedFileId] = [u].[Id]
WHERE [s].[Id] = 51
2024-06-22 16:47:44.229 +03:00  INF  Executed DbCommand (0ms) [Parameters=[], CommandType='"Text"', CommandTimeout='30']
SELECT [h].[Id], [h].[Address], [h].[Description], [h].[Name], [h].[UploadedFileId], [u].[Id], [u].[ContentType], [u].[FileName], [u].[FilePath], [u].[StoredFileName], [h0].[Id], [h0].[GovernorateId], [h0].[HospitalId], [g].[Id], [g].[Name]
FROM [Hospitals] AS [h]
INNER JOIN [UploadedFiles] AS [u] ON [h].[UploadedFileId] = [u].[Id]
LEFT JOIN [HospitalGovernorates] AS [h0] ON [h].[Id] = [h0].[HospitalId]
LEFT JOIN [Governorates] AS [g] ON [h0].[GovernorateId] = [g].[Id]
WHERE [h].[Id] IN (12, 28)
2024-06-22 16:47:44.232 +03:00  INF  Executed DbCommand (1ms) [Parameters=[@__d_UserName_0='?' (Size = 100)], CommandType='"Text"', CommandTimeout='30']
SELECT TOP(1) [u0].[Id], [u0].[ContentType], [u0].[FileName], [u0].[FilePath], [u0].[StoredFileName]
FROM [Users] AS [u]
INNER JOIN [UploadedFiles] AS [u0] ON [u].[UploadedFileId] = [u0].[Id]
WHERE [u].[UserName] = @__d_UserName_0
2024-06-22 16:47:44.234 +03:00  INF  Executed DbCommand (1ms) [Parameters=[], CommandType='"Text"', CommandTimeout='30']
SELECT [s].[Id], [s].[Name], [s].[UploadedFileId], [u].[Id], [u].[ContentType], [u].[FileName], [u].[FilePath], [u].[StoredFileName]
FROM [Specializations] AS [s]
INNER JOIN [UploadedFiles] AS [u] ON [s].[UploadedFileId] = [u].[Id]
WHERE [s].[Id] = 51
2024-06-22 16:47:44.235 +03:00  INF  Executed DbCommand (0ms) [Parameters=[], CommandType='"Text"', CommandTimeout='30']
SELECT [h].[Id], [h].[Address], [h].[Description], [h].[Name], [h].[UploadedFileId], [u].[Id], [u].[ContentType], [u].[FileName], [u].[FilePath], [u].[StoredFileName], [h0].[Id], [h0].[GovernorateId], [h0].[HospitalId], [g].[Id], [g].[Name]
FROM [Hospitals] AS [h]
INNER JOIN [UploadedFiles] AS [u] ON [h].[UploadedFileId] = [u].[Id]
LEFT JOIN [HospitalGovernorates] AS [h0] ON [h].[Id] = [h0].[HospitalId]
LEFT JOIN [Governorates] AS [g] ON [h0].[GovernorateId] = [g].[Id]
WHERE [h].[Id] IN (12, 29)
2024-06-22 16:47:44.237 +03:00  INF  Executing OkObjectResult, writing value of type 'HealthCare.Core.DTOS.GeneralResponse`1[[System.Collections.Generic.List`1[[HealthCare.Core.DTOS.DoctorModule.ResponseDtos.DoctorDto, HealthCare.Core, Version=1.0.0.0, Culture=neutral, PublicKeyToken=null]], System.Private.CoreLib, Version=6.0.0.0, Culture=neutral, PublicKeyToken=7cec85d7bea7798e]]'.
2024-06-22 16:47:44.241 +03:00  INF  Executed action HealthCare.Controllers.DoctorsController.TopThreeDoctors (HealthCare) in 73.0101ms
2024-06-22 16:47:44.241 +03:00  INF  Executed endpoint 'HealthCare.Controllers.DoctorsController.TopThreeDoctors (HealthCare)'
2024-06-22 16:47:44.242 +03:00  INF  Request finished HTTP/1.1 GET http://localhost:7101/api/Doctors/TopThreeDoctors - - - 200 - application/json;+charset=utf-8 83.1204ms
2024-06-22 16:48:24.049 +03:00  INF  Request starting HTTP/1.1 GET http://localhost:7101/api/Doctors/TopThreeDoctors - -
2024-06-22 16:48:24.050 +03:00  INF  CORS policy execution successful.
2024-06-22 16:48:24.051 +03:00  INF  Executing endpoint 'HealthCare.Controllers.DoctorsController.TopThreeDoctors (HealthCare)'
2024-06-22 16:48:24.051 +03:00  INF  Route matched with {action = "TopThreeDoctors", controller = "Doctors"}. Executing controller action with signature System.Threading.Tasks.Task`1[Microsoft.AspNetCore.Mvc.IActionResult] TopThreeDoctors() on controller HealthCare.Controllers.DoctorsController (HealthCare).
2024-06-22 16:48:24.065 +03:00  INF  Entity Framework Core 6.0.23 initialized 'ApplicationDbContext' using provider 'Microsoft.EntityFrameworkCore.SqlServer:6.0.23' with options: None
2024-06-22 16:48:24.067 +03:00  INF  Executed DbCommand (1ms) [Parameters=[], CommandType='"Text"', CommandTimeout='30']
SELECT [d].[Id], [d].[Description], [d].[Email], [d].[FullName], [d].[NationalId], [d].[PassWord], [d].[Rate], [d].[UploadedFileId], [d].[UserName], [d0].[Id], [d0].[DoctorId], [d0].[SpecializationId], [h].[Id], [h].[DoctorId], [h].[HospitalId]
FROM [Doctors] AS [d]
LEFT JOIN [DoctorSpecializations] AS [d0] ON [d].[Id] = [d0].[DoctorId]
LEFT JOIN [HospitalDoctors] AS [h] ON [d].[Id] = [h].[DoctorId]
ORDER BY [d].[Id], [d0].[Id]
2024-06-22 16:48:24.068 +03:00  INF  Executed DbCommand (0ms) [Parameters=[@__d_UserName_0='?' (Size = 100)], CommandType='"Text"', CommandTimeout='30']
SELECT TOP(1) [u0].[Id], [u0].[ContentType], [u0].[FileName], [u0].[FilePath], [u0].[StoredFileName]
FROM [Users] AS [u]
INNER JOIN [UploadedFiles] AS [u0] ON [u].[UploadedFileId] = [u0].[Id]
WHERE [u].[UserName] = @__d_UserName_0
2024-06-22 16:48:24.069 +03:00  INF  Executed DbCommand (0ms) [Parameters=[], CommandType='"Text"', CommandTimeout='30']
SELECT [s].[Id], [s].[Name], [s].[UploadedFileId], [u].[Id], [u].[ContentType], [u].[FileName], [u].[FilePath], [u].[StoredFileName]
FROM [Specializations] AS [s]
INNER JOIN [UploadedFiles] AS [u] ON [s].[UploadedFileId] = [u].[Id]
WHERE [s].[Id] = 44
2024-06-22 16:48:24.069 +03:00  INF  Executed DbCommand (0ms) [Parameters=[], CommandType='"Text"', CommandTimeout='30']
SELECT [h].[Id], [h].[Address], [h].[Description], [h].[Name], [h].[UploadedFileId], [u].[Id], [u].[ContentType], [u].[FileName], [u].[FilePath], [u].[StoredFileName], [h0].[Id], [h0].[GovernorateId], [h0].[HospitalId], [g].[Id], [g].[Name]
FROM [Hospitals] AS [h]
INNER JOIN [UploadedFiles] AS [u] ON [h].[UploadedFileId] = [u].[Id]
LEFT JOIN [HospitalGovernorates] AS [h0] ON [h].[Id] = [h0].[HospitalId]
LEFT JOIN [Governorates] AS [g] ON [h0].[GovernorateId] = [g].[Id]
WHERE [h].[Id] IN (12, 30)
2024-06-22 16:48:24.070 +03:00  INF  Executed DbCommand (0ms) [Parameters=[@__d_UserName_0='?' (Size = 100)], CommandType='"Text"', CommandTimeout='30']
SELECT TOP(1) [u0].[Id], [u0].[ContentType], [u0].[FileName], [u0].[FilePath], [u0].[StoredFileName]
FROM [Users] AS [u]
INNER JOIN [UploadedFiles] AS [u0] ON [u].[UploadedFileId] = [u0].[Id]
WHERE [u].[UserName] = @__d_UserName_0
2024-06-22 16:48:24.070 +03:00  INF  Executed DbCommand (0ms) [Parameters=[], CommandType='"Text"', CommandTimeout='30']
SELECT [s].[Id], [s].[Name], [s].[UploadedFileId], [u].[Id], [u].[ContentType], [u].[FileName], [u].[FilePath], [u].[StoredFileName]
FROM [Specializations] AS [s]
INNER JOIN [UploadedFiles] AS [u] ON [s].[UploadedFileId] = [u].[Id]
WHERE [s].[Id] = 51
2024-06-22 16:48:24.072 +03:00  INF  Executed DbCommand (1ms) [Parameters=[], CommandType='"Text"', CommandTimeout='30']
SELECT [h].[Id], [h].[Address], [h].[Description], [h].[Name], [h].[UploadedFileId], [u].[Id], [u].[ContentType], [u].[FileName], [u].[FilePath], [u].[StoredFileName], [h0].[Id], [h0].[GovernorateId], [h0].[HospitalId], [g].[Id], [g].[Name]
FROM [Hospitals] AS [h]
INNER JOIN [UploadedFiles] AS [u] ON [h].[UploadedFileId] = [u].[Id]
LEFT JOIN [HospitalGovernorates] AS [h0] ON [h].[Id] = [h0].[HospitalId]
LEFT JOIN [Governorates] AS [g] ON [h0].[GovernorateId] = [g].[Id]
WHERE [h].[Id] IN (12, 28)
2024-06-22 16:48:24.073 +03:00  INF  Executed DbCommand (1ms) [Parameters=[@__d_UserName_0='?' (Size = 100)], CommandType='"Text"', CommandTimeout='30']
SELECT TOP(1) [u0].[Id], [u0].[ContentType], [u0].[FileName], [u0].[FilePath], [u0].[StoredFileName]
FROM [Users] AS [u]
INNER JOIN [UploadedFiles] AS [u0] ON [u].[UploadedFileId] = [u0].[Id]
WHERE [u].[UserName] = @__d_UserName_0
2024-06-22 16:48:24.076 +03:00  INF  Executed DbCommand (1ms) [Parameters=[], CommandType='"Text"', CommandTimeout='30']
SELECT [s].[Id], [s].[Name], [s].[UploadedFileId], [u].[Id], [u].[ContentType], [u].[FileName], [u].[FilePath], [u].[StoredFileName]
FROM [Specializations] AS [s]
INNER JOIN [UploadedFiles] AS [u] ON [s].[UploadedFileId] = [u].[Id]
WHERE [s].[Id] = 51
2024-06-22 16:48:24.079 +03:00  INF  Executed DbCommand (1ms) [Parameters=[], CommandType='"Text"', CommandTimeout='30']
SELECT [h].[Id], [h].[Address], [h].[Description], [h].[Name], [h].[UploadedFileId], [u].[Id], [u].[ContentType], [u].[FileName], [u].[FilePath], [u].[StoredFileName], [h0].[Id], [h0].[GovernorateId], [h0].[HospitalId], [g].[Id], [g].[Name]
FROM [Hospitals] AS [h]
INNER JOIN [UploadedFiles] AS [u] ON [h].[UploadedFileId] = [u].[Id]
LEFT JOIN [HospitalGovernorates] AS [h0] ON [h].[Id] = [h0].[HospitalId]
LEFT JOIN [Governorates] AS [g] ON [h0].[GovernorateId] = [g].[Id]
WHERE [h].[Id] IN (12, 29)
2024-06-22 16:48:24.079 +03:00  INF  Executing OkObjectResult, writing value of type 'HealthCare.Core.DTOS.GeneralResponse`1[[System.Collections.Generic.List`1[[HealthCare.Core.DTOS.DoctorModule.ResponseDtos.DoctorDto, HealthCare.Core, Version=1.0.0.0, Culture=neutral, PublicKeyToken=null]], System.Private.CoreLib, Version=6.0.0.0, Culture=neutral, PublicKeyToken=7cec85d7bea7798e]]'.
2024-06-22 16:48:24.080 +03:00  INF  Executed action HealthCare.Controllers.DoctorsController.TopThreeDoctors (HealthCare) in 28.2607ms
2024-06-22 16:48:24.080 +03:00  INF  Executed endpoint 'HealthCare.Controllers.DoctorsController.TopThreeDoctors (HealthCare)'
2024-06-22 16:48:24.080 +03:00  INF  Request finished HTTP/1.1 GET http://localhost:7101/api/Doctors/TopThreeDoctors - - - 200 - application/json;+charset=utf-8 30.6075ms
2024-06-22 22:19:27.210 +03:00  INF  User profile is available. Using 'C:\Users\com\AppData\Local\ASP.NET\DataProtection-Keys' as key repository and Windows DPAPI to encrypt keys at rest.
2024-06-22 22:19:27.459 +03:00  INF  Now listening on: http://localhost:7101
2024-06-22 22:19:27.459 +03:00  INF  Now listening on: http://localhost:5146
2024-06-22 22:19:27.461 +03:00  INF  Application started. Press Ctrl+C to shut down.
2024-06-22 22:19:27.461 +03:00  INF  Hosting environment: Development
2024-06-22 22:19:27.461 +03:00  INF  Content root path: G:\WEB DEVELOPMENT\HealthCareProject\HealthCareAPIs\HealthCare\
2024-06-22 22:19:28.122 +03:00  INF  Request starting HTTP/1.1 GET http://localhost:7101/swagger/index.html - -
2024-06-22 22:19:28.356 +03:00  INF  Request finished HTTP/1.1 GET http://localhost:7101/swagger/index.html - - - 200 - text/html;charset=utf-8 238.6638ms
2024-06-22 22:19:28.363 +03:00  INF  Request starting HTTP/1.1 GET http://localhost:7101/_vs/browserLink - -
2024-06-22 22:19:28.365 +03:00  INF  Request starting HTTP/1.1 GET http://localhost:7101/_framework/aspnetcore-browser-refresh.js - -
2024-06-22 22:19:28.366 +03:00  INF  Request finished HTTP/1.1 GET http://localhost:7101/_framework/aspnetcore-browser-refresh.js - - - 200 12352 application/javascript;+charset=utf-8 1.1631ms
2024-06-22 22:19:28.396 +03:00  INF  Request finished HTTP/1.1 GET http://localhost:7101/_vs/browserLink - - - 200 - text/javascript;+charset=UTF-8 33.7099ms
2024-06-22 22:19:28.478 +03:00  INF  Request starting HTTP/1.1 GET http://localhost:7101/swagger/v1/swagger.json - -
2024-06-22 22:19:28.610 +03:00  INF  Request finished HTTP/1.1 GET http://localhost:7101/swagger/v1/swagger.json - - - 200 - application/json;charset=utf-8 131.9312ms
