2024-06-21 12:21:32.930 +03:00  INF  Entity Framework Core 6.0.23 initialized 'ApplicationDbContext' using provider 'Microsoft.EntityFrameworkCore.SqlServer:6.0.23' with options: None
2024-06-21 12:21:33.315 +03:00  INF  Executed DbCommand (15ms) [Parameters=[], CommandType='"Text"', CommandTimeout='30']
SELECT 1
2024-06-21 12:21:33.341 +03:00  INF  Executed DbCommand (12ms) [Parameters=[], CommandType='"Text"', CommandTimeout='30']
SELECT OBJECT_ID(N'[__EFMigrationsHistory]');
2024-06-21 12:21:33.343 +03:00  INF  Executed DbCommand (1ms) [Parameters=[], CommandType='"Text"', CommandTimeout='30']
SELECT 1
2024-06-21 12:21:33.344 +03:00  INF  Executed DbCommand (0ms) [Parameters=[], CommandType='"Text"', CommandTimeout='30']
SELECT OBJECT_ID(N'[__EFMigrationsHistory]');
2024-06-21 12:21:33.364 +03:00  INF  Executed DbCommand (9ms) [Parameters=[], CommandType='"Text"', CommandTimeout='30']
SELECT [MigrationId], [ProductVersion]
FROM [__EFMigrationsHistory]
ORDER BY [MigrationId];
2024-06-21 12:21:33.411 +03:00  INF  Applying migration '20240621092114_editdataTypesOfCurrentState'.
2024-06-21 12:21:33.576 +03:00  INF  Executed DbCommand (20ms) [Parameters=[], CommandType='"Text"', CommandTimeout='30']
DECLARE @var0 sysname;
SELECT @var0 = [d].[name]
FROM [sys].[default_constraints] [d]
INNER JOIN [sys].[columns] [c] ON [d].[parent_column_id] = [c].[column_id] AND [d].[parent_object_id] = [c].[object_id]
WHERE ([d].[parent_object_id] = OBJECT_ID(N'[CurrentStates]') AND [c].[name] = N'Temperature');
IF @var0 IS NOT NULL EXEC(N'ALTER TABLE [CurrentStates] DROP CONSTRAINT [' + @var0 + '];');
ALTER TABLE [CurrentStates] ALTER COLUMN [Temperature] nvarchar(max) NULL;
2024-06-21 12:21:33.588 +03:00  INF  Executed DbCommand (11ms) [Parameters=[], CommandType='"Text"', CommandTimeout='30']
DECLARE @var1 sysname;
SELECT @var1 = [d].[name]
FROM [sys].[default_constraints] [d]
INNER JOIN [sys].[columns] [c] ON [d].[parent_column_id] = [c].[column_id] AND [d].[parent_object_id] = [c].[object_id]
WHERE ([d].[parent_object_id] = OBJECT_ID(N'[CurrentStates]') AND [c].[name] = N'Oxygen');
IF @var1 IS NOT NULL EXEC(N'ALTER TABLE [CurrentStates] DROP CONSTRAINT [' + @var1 + '];');
ALTER TABLE [CurrentStates] ALTER COLUMN [Oxygen] nvarchar(max) NULL;
2024-06-21 12:21:33.609 +03:00  INF  Executed DbCommand (21ms) [Parameters=[], CommandType='"Text"', CommandTimeout='30']
DECLARE @var2 sysname;
SELECT @var2 = [d].[name]
FROM [sys].[default_constraints] [d]
INNER JOIN [sys].[columns] [c] ON [d].[parent_column_id] = [c].[column_id] AND [d].[parent_object_id] = [c].[object_id]
WHERE ([d].[parent_object_id] = OBJECT_ID(N'[CurrentStates]') AND [c].[name] = N'HeartRate');
IF @var2 IS NOT NULL EXEC(N'ALTER TABLE [CurrentStates] DROP CONSTRAINT [' + @var2 + '];');
ALTER TABLE [CurrentStates] ALTER COLUMN [HeartRate] nvarchar(max) NULL;
2024-06-21 12:21:33.642 +03:00  INF  Executed DbCommand (33ms) [Parameters=[], CommandType='"Text"', CommandTimeout='30']
DECLARE @var3 sysname;
SELECT @var3 = [d].[name]
FROM [sys].[default_constraints] [d]
INNER JOIN [sys].[columns] [c] ON [d].[parent_column_id] = [c].[column_id] AND [d].[parent_object_id] = [c].[object_id]
WHERE ([d].[parent_object_id] = OBJECT_ID(N'[CurrentStates]') AND [c].[name] = N'BloodSugar');
IF @var3 IS NOT NULL EXEC(N'ALTER TABLE [CurrentStates] DROP CONSTRAINT [' + @var3 + '];');
ALTER TABLE [CurrentStates] ALTER COLUMN [BloodSugar] nvarchar(max) NULL;
2024-06-21 12:21:33.657 +03:00  INF  Executed DbCommand (14ms) [Parameters=[], CommandType='"Text"', CommandTimeout='30']
DECLARE @var4 sysname;
SELECT @var4 = [d].[name]
FROM [sys].[default_constraints] [d]
INNER JOIN [sys].[columns] [c] ON [d].[parent_column_id] = [c].[column_id] AND [d].[parent_object_id] = [c].[object_id]
WHERE ([d].[parent_object_id] = OBJECT_ID(N'[CurrentStates]') AND [c].[name] = N'BloodPressure');
IF @var4 IS NOT NULL EXEC(N'ALTER TABLE [CurrentStates] DROP CONSTRAINT [' + @var4 + '];');
ALTER TABLE [CurrentStates] ALTER COLUMN [BloodPressure] nvarchar(max) NULL;
2024-06-21 12:21:33.658 +03:00  INF  Executed DbCommand (1ms) [Parameters=[], CommandType='"Text"', CommandTimeout='30']
INSERT INTO [__EFMigrationsHistory] ([MigrationId], [ProductVersion])
VALUES (N'20240621092114_editdataTypesOfCurrentState', N'6.0.23');
