2024-06-17 07:52:52.282 +03:00  INF  User profile is available. Using 'C:\Users\com\AppData\Local\ASP.NET\DataProtection-Keys' as key repository and Windows DPAPI to encrypt keys at rest.
2024-06-17 07:52:52.540 +03:00  INF  Now listening on: http://localhost:7101
2024-06-17 07:52:52.540 +03:00  INF  Now listening on: http://localhost:5146
2024-06-17 07:52:52.543 +03:00  INF  Application started. Press Ctrl+C to shut down.
2024-06-17 07:52:52.543 +03:00  INF  Hosting environment: Development
2024-06-17 07:52:52.543 +03:00  INF  Content root path: G:\WEB DEVELOPMENT\HealthCareProject\HealthCareAPIs\HealthCare\
2024-06-17 07:52:52.967 +03:00  INF  Request starting HTTP/1.1 GET http://localhost:7101/swagger - -
2024-06-17 07:52:53.094 +03:00  INF  Request finished HTTP/1.1 GET http://localhost:7101/swagger - - - 301 0 - 132.0618ms
2024-06-17 07:52:53.107 +03:00  INF  Request starting HTTP/1.1 GET http://localhost:7101/swagger/index.html - -
2024-06-17 07:52:53.306 +03:00  INF  Request starting HTTP/1.1 GET http://localhost:7101/swagger/swagger-ui.css - -
2024-06-17 07:52:53.307 +03:00  INF  Request finished HTTP/1.1 GET http://localhost:7101/swagger/index.html - - - 200 - text/html;charset=utf-8 200.1147ms
2024-06-17 07:52:53.316 +03:00  INF  Request starting HTTP/1.1 GET http://localhost:7101/swagger/swagger-ui-bundle.js - -
2024-06-17 07:52:53.317 +03:00  INF  Request starting HTTP/1.1 GET http://localhost:7101/_framework/aspnetcore-browser-refresh.js - -
2024-06-17 07:52:53.317 +03:00  INF  Request starting HTTP/1.1 GET http://localhost:7101/swagger/swagger-ui-standalone-preset.js - -
2024-06-17 07:52:53.317 +03:00  INF  Request starting HTTP/1.1 GET http://localhost:7101/_vs/browserLink - -
2024-06-17 07:52:53.319 +03:00  INF  Request finished HTTP/1.1 GET http://localhost:7101/_framework/aspnetcore-browser-refresh.js - - - 200 12352 application/javascript;+charset=utf-8 1.4706ms
2024-06-17 07:52:53.330 +03:00  INF  Sending file. Request path: '/swagger-ui-standalone-preset.js'. Physical path: 'N/A'
2024-06-17 07:52:53.330 +03:00  INF  Sending file. Request path: '/swagger-ui.css'. Physical path: 'N/A'
2024-06-17 07:52:53.331 +03:00  INF  Request finished HTTP/1.1 GET http://localhost:7101/swagger/swagger-ui-standalone-preset.js - - - 200 312163 application/javascript 13.2479ms
2024-06-17 07:52:53.331 +03:00  INF  Request finished HTTP/1.1 GET http://localhost:7101/swagger/swagger-ui.css - - - 200 144929 text/css 24.5082ms
2024-06-17 07:52:53.355 +03:00  INF  Request finished HTTP/1.1 GET http://localhost:7101/_vs/browserLink - - - 200 - text/javascript;+charset=UTF-8 37.5577ms
2024-06-17 07:52:53.356 +03:00  INF  Sending file. Request path: '/swagger-ui-bundle.js'. Physical path: 'N/A'
2024-06-17 07:52:53.356 +03:00  INF  Request finished HTTP/1.1 GET http://localhost:7101/swagger/swagger-ui-bundle.js - - - 200 1061536 application/javascript 40.4396ms
2024-06-17 07:52:53.590 +03:00  INF  Request starting HTTP/1.1 GET http://localhost:7101/swagger/v1/swagger.json - -
2024-06-17 07:52:53.741 +03:00  INF  Request finished HTTP/1.1 GET http://localhost:7101/swagger/v1/swagger.json - - - 200 - application/json;charset=utf-8 151.3036ms
2024-06-17 07:53:22.957 +03:00  INF  Request starting HTTP/1.1 GET http://localhost:7101/api/Bands/FlagStatus - -
2024-06-17 07:53:23.917 +03:00  INF  Executing endpoint 'HealthCare.Controllers.BandsController.FlagStatus (HealthCare)'
2024-06-17 07:53:23.943 +03:00  INF  Route matched with {action = "FlagStatus", controller = "Bands"}. Executing controller action with signature System.Threading.Tasks.Task`1[Microsoft.AspNetCore.Mvc.IActionResult] FlagStatus(System.String) on controller HealthCare.Controllers.BandsController (HealthCare).
2024-06-17 07:53:25.430 +03:00  INF  Entity Framework Core 6.0.23 initialized 'ApplicationDbContext' using provider 'Microsoft.EntityFrameworkCore.SqlServer:6.0.23' with options: None
2024-06-17 07:53:25.747 +03:00  INF  Executing BadRequestObjectResult, writing value of type 'Microsoft.AspNetCore.Mvc.ValidationProblemDetails'.
2024-06-17 07:53:25.754 +03:00  INF  Executed action HealthCare.Controllers.BandsController.FlagStatus (HealthCare) in 1806.0045ms
2024-06-17 07:53:25.755 +03:00  INF  Executed endpoint 'HealthCare.Controllers.BandsController.FlagStatus (HealthCare)'
2024-06-17 07:53:25.760 +03:00  INF  Request finished HTTP/1.1 GET http://localhost:7101/api/Bands/FlagStatus - - - 400 - application/problem+json;+charset=utf-8 2802.6860ms
2024-06-17 07:53:27.548 +03:00  INF  Request starting HTTP/1.1 GET http://localhost:7101/api/Bands/FlagStatus?uniqueId=2 - -
2024-06-17 07:53:27.555 +03:00  INF  Executing endpoint 'HealthCare.Controllers.BandsController.FlagStatus (HealthCare)'
2024-06-17 07:53:27.555 +03:00  INF  Route matched with {action = "FlagStatus", controller = "Bands"}. Executing controller action with signature System.Threading.Tasks.Task`1[Microsoft.AspNetCore.Mvc.IActionResult] FlagStatus(System.String) on controller HealthCare.Controllers.BandsController (HealthCare).
2024-06-17 07:53:27.612 +03:00  INF  Entity Framework Core 6.0.23 initialized 'ApplicationDbContext' using provider 'Microsoft.EntityFrameworkCore.SqlServer:6.0.23' with options: None
2024-06-17 07:53:30.645 +03:00  INF  Executed DbCommand (62ms) [Parameters=[@__uniqueId_0='?' (Size = 4000)], CommandType='"Text"', CommandTimeout='30']
SELECT TOP(2) [b].[Id], [b].[CurrentStateId], [b].[Flag], [b].[HospitalId], [b].[IsActive], [b].[PatientId], [b].[RoomNum], [b].[Type], [b].[UniqueId]
FROM [Bands] AS [b]
WHERE [b].[UniqueId] = @__uniqueId_0
2024-06-17 07:53:30.672 +03:00  INF  Executing BadRequestObjectResult, writing value of type 'HealthCare.Core.DTOS.GeneralResponse`1[[System.String, System.Private.CoreLib, Version=6.0.0.0, Culture=neutral, PublicKeyToken=7cec85d7bea7798e]]'.
2024-06-17 07:53:30.675 +03:00  INF  Executed action HealthCare.Controllers.BandsController.FlagStatus (HealthCare) in 3119.2587ms
2024-06-17 07:53:30.675 +03:00  INF  Executed endpoint 'HealthCare.Controllers.BandsController.FlagStatus (HealthCare)'
2024-06-17 07:53:30.676 +03:00  INF  Request finished HTTP/1.1 GET http://localhost:7101/api/Bands/FlagStatus?uniqueId=2 - - - 400 - application/json;+charset=utf-8 3128.7473ms
